2019-07-24 20:38:27.606 INFO [restartedMain]com.wx.exam1.Exam1Application.logStarting:50 -Starting Exam1Application on LAPTOP-CTHANLP5 with PID 4540 (D:\IDEA\SpringBootTest2\exam1\target\classes started by wangxiang in D:\IDEA\SpringBootTest2)
2019-07-24 20:38:27.609 INFO [restartedMain]com.wx.exam1.Exam1Application.logStartupProfileInfo:650 -The following profiles are active: prod
2019-07-24 20:38:27.658 INFO [restartedMain]o.s.b.devtools.env.DevToolsPropertyDefaultsPostProcessor.logTo:225 -Devtools property defaults active! Set 'spring.devtools.add-properties' to 'false' to disable
2019-07-24 20:38:27.658 INFO [restartedMain]o.s.b.devtools.env.DevToolsPropertyDefaultsPostProcessor.logTo:225 -For additional web related logging consider setting the 'logging.level.web' property to 'DEBUG'
2019-07-24 20:38:28.232 WARN [restartedMain]org.mybatis.spring.mapper.ClassPathMapperScanner.checkCandidate:239 -Skipping MapperFactoryBean with name 'actorMapper' and 'com.wx.exam1.dao.ActorMapper' mapperInterface. Bean already defined with the same name!
2019-07-24 20:38:28.232 WARN [restartedMain]org.mybatis.spring.mapper.ClassPathMapperScanner.checkCandidate:239 -Skipping MapperFactoryBean with name 'addressMapper' and 'com.wx.exam1.dao.AddressMapper' mapperInterface. Bean already defined with the same name!
2019-07-24 20:38:28.232 WARN [restartedMain]org.mybatis.spring.mapper.ClassPathMapperScanner.checkCandidate:239 -Skipping MapperFactoryBean with name 'categoryMapper' and 'com.wx.exam1.dao.CategoryMapper' mapperInterface. Bean already defined with the same name!
2019-07-24 20:38:28.232 WARN [restartedMain]org.mybatis.spring.mapper.ClassPathMapperScanner.checkCandidate:239 -Skipping MapperFactoryBean with name 'cityMapper' and 'com.wx.exam1.dao.CityMapper' mapperInterface. Bean already defined with the same name!
2019-07-24 20:38:28.232 WARN [restartedMain]org.mybatis.spring.mapper.ClassPathMapperScanner.checkCandidate:239 -Skipping MapperFactoryBean with name 'countryMapper' and 'com.wx.exam1.dao.CountryMapper' mapperInterface. Bean already defined with the same name!
2019-07-24 20:38:28.232 WARN [restartedMain]org.mybatis.spring.mapper.ClassPathMapperScanner.checkCandidate:239 -Skipping MapperFactoryBean with name 'customerMapper' and 'com.wx.exam1.dao.CustomerMapper' mapperInterface. Bean already defined with the same name!
2019-07-24 20:38:28.232 WARN [restartedMain]org.mybatis.spring.mapper.ClassPathMapperScanner.checkCandidate:239 -Skipping MapperFactoryBean with name 'filmMapper' and 'com.wx.exam1.dao.FilmMapper' mapperInterface. Bean already defined with the same name!
2019-07-24 20:38:28.232 WARN [restartedMain]org.mybatis.spring.mapper.ClassPathMapperScanner.checkCandidate:239 -Skipping MapperFactoryBean with name 'userMapper' and 'com.wx.exam1.dao.UserMapper' mapperInterface. Bean already defined with the same name!
2019-07-24 20:38:28.233 WARN [restartedMain]org.mybatis.spring.mapper.ClassPathMapperScanner.doScan:166 -No MyBatis mapper was found in '[com.wx.exam1]' package. Please check your configuration.
2019-07-24 20:38:28.758 WARN [restartedMain]io.undertow.websockets.jsr.handleDeployment:68 -UT026010: Buffer pool was not set on WebSocketDeploymentInfo, the default pool will be used
2019-07-24 20:38:28.778 INFO [restartedMain]io.undertow.servlet.log:364 -Initializing Spring embedded WebApplicationContext
2019-07-24 20:38:28.779 INFO [restartedMain]org.springframework.web.context.ContextLoader.prepareWebApplicationContext:283 -Root WebApplicationContext: initialization completed in 1121 ms
2019-07-24 20:38:29.365 INFO [restartedMain]o.s.scheduling.concurrent.ThreadPoolTaskExecutor.initialize:171 -Initializing ExecutorService 'applicationTaskExecutor'
2019-07-24 20:38:29.474 INFO [restartedMain]o.s.b.a.web.servlet.WelcomePageHandlerMapping.<init>:58 -Adding welcome page template: index
2019-07-24 20:38:29.483 INFO [restartedMain]tk.mybatis.mapper.autoconfigure.MapperCacheDisabler.removeStaticCache:60 -Clear tk.mybatis.mapper.util.MsUtil CLASS_CACHE cache.
2019-07-24 20:38:29.483 INFO [restartedMain]tk.mybatis.mapper.autoconfigure.MapperCacheDisabler.removeStaticCache:60 -Clear tk.mybatis.mapper.genid.GenIdUtil CACHE cache.
2019-07-24 20:38:29.484 INFO [restartedMain]tk.mybatis.mapper.autoconfigure.MapperCacheDisabler.removeStaticCache:60 -Clear tk.mybatis.mapper.version.VersionUtil CACHE cache.
2019-07-24 20:38:29.484 INFO [restartedMain]tk.mybatis.mapper.autoconfigure.MapperCacheDisabler.removeEntityHelperCache:83 -Clear EntityHelper entityTableMap cache.
2019-07-24 20:38:29.623 INFO [restartedMain]o.s.boot.devtools.autoconfigure.OptionalLiveReloadServer.startServer:57 -LiveReload server is running on port 35729
2019-07-24 20:38:29.660 INFO [restartedMain]org.xnio.<clinit>:104 -XNIO version 3.3.8.Final
2019-07-24 20:38:29.668 INFO [restartedMain]org.xnio.nio.<clinit>:55 -XNIO NIO Implementation Version 3.3.8.Final
2019-07-24 20:38:29.714 INFO [restartedMain]o.s.boot.web.embedded.undertow.UndertowServletWebServer.start:144 -Undertow started on port(s) 8080 (http) with context path ''
2019-07-24 20:38:29.717 INFO [restartedMain]com.wx.exam1.Exam1Application.logStarted:59 -Started Exam1Application in 2.781 seconds (JVM running for 4.028)
2019-07-24 20:38:38.465 INFO [XNIO-1 task-1]io.undertow.servlet.log:364 -Initializing Spring DispatcherServlet 'dispatcherServlet'
2019-07-24 20:38:38.465 INFO [XNIO-1 task-1]org.springframework.web.servlet.DispatcherServlet.initServletBean:524 -Initializing Servlet 'dispatcherServlet'
2019-07-24 20:38:38.471 INFO [XNIO-1 task-1]org.springframework.web.servlet.DispatcherServlet.initServletBean:546 -Completed initialization in 6 ms
